<?xml version="1.0" encoding="UTF-8"?>
<testsuite xmlns:xsi="http://www.w3.org/2001/XMLSchema-instance" xsi:noNamespaceSchemaLocation="https://maven.apache.org/surefire/maven-surefire-plugin/xsd/surefire-test-report.xsd" name="com.mycompany.app.AppTest" time="0.017" tests="1" errors="0" skipped="0" failures="0">
  <properties>
    <property name="sun.desktop" value="windows"/>
    <property name="awt.toolkit" value="sun.awt.windows.WToolkit"/>
    <property name="file.encoding.pkg" value="sun.io"/>
    <property name="java.specification.version" value="1.8"/>
    <property name="sun.cpu.isalist" value="amd64"/>
    <property name="sun.jnu.encoding" value="Cp1252"/>
    <property name="java.class.path" value="C:\Thesis\Thesis_Emperical_Studies\service-cutter-tool\my-app\target\test-classes;C:\Thesis\Thesis_Emperical_Studies\service-cutter-tool\my-app\target\classes;C:\Users\s.nivethakennedy\.m2\repository\junit\junit\4.11\junit-4.11.jar;C:\Users\s.nivethakennedy\.m2\repository\org\hamcrest\hamcrest-core\1.3\hamcrest-core-1.3.jar;C:\Users\s.nivethakennedy\.m2\repository\org\contextmapper\service-cutter-library\1.2.1\service-cutter-library-1.2.1.jar;C:\Users\s.nivethakennedy\.m2\repository\org\graphstream\gs-core\1.3\gs-core-1.3.jar;C:\Users\s.nivethakennedy\.m2\repository\org\graphstream\pherd\1.0\pherd-1.0.jar;C:\Users\s.nivethakennedy\.m2\repository\org\graphstream\mbox2\1.0\mbox2-1.0.jar;C:\Users\s.nivethakennedy\.m2\repository\org\graphstream\gs-algo\1.3\gs-algo-1.3.jar;C:\Users\s.nivethakennedy\.m2\repository\org\apache\commons\commons-math\2.1\commons-math-2.1.jar;C:\Users\s.nivethakennedy\.m2\repository\org\apache\commons\commons-math3\3.4.1\commons-math3-3.4.1.jar;C:\Users\s.nivethakennedy\.m2\repository\org\jfree\jfreechart\1.0.14\jfreechart-1.0.14.jar;C:\Users\s.nivethakennedy\.m2\repository\org\jfree\jcommon\1.0.17\jcommon-1.0.17.jar;C:\Users\s.nivethakennedy\.m2\repository\xml-apis\xml-apis\1.3.04\xml-apis-1.3.04.jar;C:\Users\s.nivethakennedy\.m2\repository\com\lowagie\itext\2.1.5\itext-2.1.5.jar;C:\Users\s.nivethakennedy\.m2\repository\bouncycastle\bcmail-jdk14\138\bcmail-jdk14-138.jar;C:\Users\s.nivethakennedy\.m2\repository\bouncycastle\bcprov-jdk14\138\bcprov-jdk14-138.jar;C:\Users\s.nivethakennedy\.m2\repository\org\slf4j\slf4j-log4j12\1.7.28\slf4j-log4j12-1.7.28.jar;C:\Users\s.nivethakennedy\.m2\repository\org\slf4j\slf4j-api\1.7.28\slf4j-api-1.7.28.jar;C:\Users\s.nivethakennedy\.m2\repository\log4j\log4j\1.2.17\log4j-1.2.17.jar;C:\Users\s.nivethakennedy\.m2\repository\com\google\guava\guava\28.1-jre\guava-28.1-jre.jar;C:\Users\s.nivethakennedy\.m2\repository\com\google\guava\failureaccess\1.0.1\failureaccess-1.0.1.jar;C:\Users\s.nivethakennedy\.m2\repository\com\google\guava\listenablefuture\9999.0-empty-to-avoid-conflict-with-guava\listenablefuture-9999.0-empty-to-avoid-conflict-with-guava.jar;C:\Users\s.nivethakennedy\.m2\repository\com\google\code\findbugs\jsr305\3.0.2\jsr305-3.0.2.jar;C:\Users\s.nivethakennedy\.m2\repository\org\checkerframework\checker-qual\2.8.1\checker-qual-2.8.1.jar;C:\Users\s.nivethakennedy\.m2\repository\com\google\errorprone\error_prone_annotations\2.3.2\error_prone_annotations-2.3.2.jar;C:\Users\s.nivethakennedy\.m2\repository\com\google\j2objc\j2objc-annotations\1.3\j2objc-annotations-1.3.jar;C:\Users\s.nivethakennedy\.m2\repository\org\codehaus\mojo\animal-sniffer-annotations\1.18\animal-sniffer-annotations-1.18.jar;C:\Users\s.nivethakennedy\.m2\repository\com\fasterxml\jackson\core\jackson-databind\2.9.2\jackson-databind-2.9.2.jar;C:\Users\s.nivethakennedy\.m2\repository\com\fasterxml\jackson\core\jackson-annotations\2.9.0\jackson-annotations-2.9.0.jar;C:\Users\s.nivethakennedy\.m2\repository\com\fasterxml\jackson\core\jackson-core\2.9.2\jackson-core-2.9.2.jar;C:\Users\s.nivethakennedy\.m2\repository\org\nlpub\watset\2.1.5\watset-2.1.5.jar;C:\Users\s.nivethakennedy\.m2\repository\org\jgrapht\jgrapht-core\1.4.0\jgrapht-core-1.4.0.jar;C:\Users\s.nivethakennedy\.m2\repository\org\jheaps\jheaps\0.11\jheaps-0.11.jar;C:\Users\s.nivethakennedy\.m2\repository\org\json\json\20220320\json-20220320.jar;"/>
    <property name="java.vm.vendor" value="Oracle Corporation"/>
    <property name="sun.arch.data.model" value="64"/>
    <property name="user.variant" value=""/>
    <property name="java.vendor.url" value="http://java.oracle.com/"/>
    <property name="user.timezone" value="Europe/London"/>
    <property name="java.vm.specification.version" value="1.8"/>
    <property name="os.name" value="Windows 10"/>
    <property name="user.country" value="IE"/>
    <property name="sun.java.launcher" value="SUN_STANDARD"/>
    <property name="sun.boot.library.path" value="C:\Program Files\Java\jdk1.8.0_171\jre\bin"/>
    <property name="sun.java.command" value="C:\Users\S69A9~1.NIV\AppData\Local\Temp\surefire2606639403560743590\surefirebooter1283864952481934245.jar C:\Users\s.nivethakennedy\AppData\Local\Temp\surefire2606639403560743590 2022-08-04T11-21-52_287-jvmRun1 surefire2774424304765907330tmp surefire_04440381779105363674tmp"/>
    <property name="surefire.test.class.path" value="C:\Thesis\Thesis_Emperical_Studies\service-cutter-tool\my-app\target\test-classes;C:\Thesis\Thesis_Emperical_Studies\service-cutter-tool\my-app\target\classes;C:\Users\s.nivethakennedy\.m2\repository\junit\junit\4.11\junit-4.11.jar;C:\Users\s.nivethakennedy\.m2\repository\org\hamcrest\hamcrest-core\1.3\hamcrest-core-1.3.jar;C:\Users\s.nivethakennedy\.m2\repository\org\contextmapper\service-cutter-library\1.2.1\service-cutter-library-1.2.1.jar;C:\Users\s.nivethakennedy\.m2\repository\org\graphstream\gs-core\1.3\gs-core-1.3.jar;C:\Users\s.nivethakennedy\.m2\repository\org\graphstream\pherd\1.0\pherd-1.0.jar;C:\Users\s.nivethakennedy\.m2\repository\org\graphstream\mbox2\1.0\mbox2-1.0.jar;C:\Users\s.nivethakennedy\.m2\repository\org\graphstream\gs-algo\1.3\gs-algo-1.3.jar;C:\Users\s.nivethakennedy\.m2\repository\org\apache\commons\commons-math\2.1\commons-math-2.1.jar;C:\Users\s.nivethakennedy\.m2\repository\org\apache\commons\commons-math3\3.4.1\commons-math3-3.4.1.jar;C:\Users\s.nivethakennedy\.m2\repository\org\jfree\jfreechart\1.0.14\jfreechart-1.0.14.jar;C:\Users\s.nivethakennedy\.m2\repository\org\jfree\jcommon\1.0.17\jcommon-1.0.17.jar;C:\Users\s.nivethakennedy\.m2\repository\xml-apis\xml-apis\1.3.04\xml-apis-1.3.04.jar;C:\Users\s.nivethakennedy\.m2\repository\com\lowagie\itext\2.1.5\itext-2.1.5.jar;C:\Users\s.nivethakennedy\.m2\repository\bouncycastle\bcmail-jdk14\138\bcmail-jdk14-138.jar;C:\Users\s.nivethakennedy\.m2\repository\bouncycastle\bcprov-jdk14\138\bcprov-jdk14-138.jar;C:\Users\s.nivethakennedy\.m2\repository\org\slf4j\slf4j-log4j12\1.7.28\slf4j-log4j12-1.7.28.jar;C:\Users\s.nivethakennedy\.m2\repository\org\slf4j\slf4j-api\1.7.28\slf4j-api-1.7.28.jar;C:\Users\s.nivethakennedy\.m2\repository\log4j\log4j\1.2.17\log4j-1.2.17.jar;C:\Users\s.nivethakennedy\.m2\repository\com\google\guava\guava\28.1-jre\guava-28.1-jre.jar;C:\Users\s.nivethakennedy\.m2\repository\com\google\guava\failureaccess\1.0.1\failureaccess-1.0.1.jar;C:\Users\s.nivethakennedy\.m2\repository\com\google\guava\listenablefuture\9999.0-empty-to-avoid-conflict-with-guava\listenablefuture-9999.0-empty-to-avoid-conflict-with-guava.jar;C:\Users\s.nivethakennedy\.m2\repository\com\google\code\findbugs\jsr305\3.0.2\jsr305-3.0.2.jar;C:\Users\s.nivethakennedy\.m2\repository\org\checkerframework\checker-qual\2.8.1\checker-qual-2.8.1.jar;C:\Users\s.nivethakennedy\.m2\repository\com\google\errorprone\error_prone_annotations\2.3.2\error_prone_annotations-2.3.2.jar;C:\Users\s.nivethakennedy\.m2\repository\com\google\j2objc\j2objc-annotations\1.3\j2objc-annotations-1.3.jar;C:\Users\s.nivethakennedy\.m2\repository\org\codehaus\mojo\animal-sniffer-annotations\1.18\animal-sniffer-annotations-1.18.jar;C:\Users\s.nivethakennedy\.m2\repository\com\fasterxml\jackson\core\jackson-databind\2.9.2\jackson-databind-2.9.2.jar;C:\Users\s.nivethakennedy\.m2\repository\com\fasterxml\jackson\core\jackson-annotations\2.9.0\jackson-annotations-2.9.0.jar;C:\Users\s.nivethakennedy\.m2\repository\com\fasterxml\jackson\core\jackson-core\2.9.2\jackson-core-2.9.2.jar;C:\Users\s.nivethakennedy\.m2\repository\org\nlpub\watset\2.1.5\watset-2.1.5.jar;C:\Users\s.nivethakennedy\.m2\repository\org\jgrapht\jgrapht-core\1.4.0\jgrapht-core-1.4.0.jar;C:\Users\s.nivethakennedy\.m2\repository\org\jheaps\jheaps\0.11\jheaps-0.11.jar;C:\Users\s.nivethakennedy\.m2\repository\org\json\json\20220320\json-20220320.jar;"/>
    <property name="sun.cpu.endian" value="little"/>
    <property name="user.home" value="C:\Users\s.nivethakennedy"/>
    <property name="user.language" value="en"/>
    <property name="java.specification.vendor" value="Oracle Corporation"/>
    <property name="java.home" value="C:\Program Files\Java\jdk1.8.0_171\jre"/>
    <property name="basedir" value="C:\Thesis\Thesis_Emperical_Studies\service-cutter-tool\my-app"/>
    <property name="file.separator" value="\"/>
    <property name="line.separator" value="&#10;"/>
    <property name="java.vm.specification.vendor" value="Oracle Corporation"/>
    <property name="java.specification.name" value="Java Platform API Specification"/>
    <property name="java.awt.graphicsenv" value="sun.awt.Win32GraphicsEnvironment"/>
    <property name="surefire.real.class.path" value="C:\Users\S69A9~1.NIV\AppData\Local\Temp\surefire2606639403560743590\surefirebooter1283864952481934245.jar"/>
    <property name="sun.boot.class.path" value="C:\Program Files\Java\jdk1.8.0_171\jre\lib\resources.jar;C:\Program Files\Java\jdk1.8.0_171\jre\lib\rt.jar;C:\Program Files\Java\jdk1.8.0_171\jre\lib\sunrsasign.jar;C:\Program Files\Java\jdk1.8.0_171\jre\lib\jsse.jar;C:\Program Files\Java\jdk1.8.0_171\jre\lib\jce.jar;C:\Program Files\Java\jdk1.8.0_171\jre\lib\charsets.jar;C:\Program Files\Java\jdk1.8.0_171\jre\lib\jfr.jar;C:\Program Files\Java\jdk1.8.0_171\jre\classes"/>
    <property name="user.script" value=""/>
    <property name="sun.management.compiler" value="HotSpot 64-Bit Tiered Compilers"/>
    <property name="java.runtime.version" value="1.8.0_171-b11"/>
    <property name="user.name" value="sruthinivetha.k"/>
    <property name="path.separator" value=";"/>
    <property name="os.version" value="10.0"/>
    <property name="java.endorsed.dirs" value="C:\Program Files\Java\jdk1.8.0_171\jre\lib\endorsed"/>
    <property name="java.runtime.name" value="Java(TM) SE Runtime Environment"/>
    <property name="file.encoding" value="Cp1252"/>
    <property name="java.vm.name" value="Java HotSpot(TM) 64-Bit Server VM"/>
    <property name="localRepository" value="C:\Users\s.nivethakennedy\.m2\repository"/>
    <property name="java.vendor.url.bug" value="http://bugreport.sun.com/bugreport/"/>
    <property name="java.io.tmpdir" value="C:\Users\S69A9~1.NIV\AppData\Local\Temp\"/>
    <property name="java.version" value="1.8.0_171"/>
    <property name="user.dir" value="C:\Thesis\Thesis_Emperical_Studies\service-cutter-tool\my-app"/>
    <property name="os.arch" value="amd64"/>
    <property name="java.vm.specification.name" value="Java Virtual Machine Specification"/>
    <property name="java.awt.printerjob" value="sun.awt.windows.WPrinterJob"/>
    <property name="sun.os.patch.level" value=""/>
    <property name="java.library.path" value="C:\Program Files\Java\jdk1.8.0_171\jre\bin;C:\WINDOWS\Sun\Java\bin;C:\WINDOWS\system32;C:\WINDOWS;C:\Program Files (x86)\Common Files\Oracle\Java\javapath;C:\Program Files\Eclipse Foundation\jdk-8.0.302.8-hotspot\bin;C:\WINDOWS\system32;C:\WINDOWS;C:\WINDOWS\System32\Wbem;C:\WINDOWS\System32\WindowsPowerShell\v1.0\;C:\WINDOWS\System32\OpenSSH\;C:\Program Files\dotnet\;C:\Program Files\Microsoft SQL Server\Client SDK\ODBC\170\Tools\Binn\;C:\Program Files (x86)\Microsoft SQL Server\150\DTS\Binn\;C:\Program Files\Azure Data Studio\bin;C:\Program Files\Git\cmd;C:\Program Files (x86)\GitExtensions\;C:\Program Files\nodejs\;C:\Program Files (x86)\Microsoft SQL Server\150\Tools\Binn\;C:\Program Files\Microsoft SQL Server\150\Tools\Binn\;C:\Program Files\Microsoft SQL Server\150\DTS\Binn\;C:\AMCS\Software\apache-maven-3.8.6\bin;C:\Program Files\Java\jdk1.8.0_171\bin;C:\Users\s.nivethakennedy\AppData\Local\Microsoft\WindowsApps;C:\Users\s.nivethakennedy\.dotnet\tools;C:\Users\s.nivethakennedy\AppData\Local\Programs\Microsoft VS Code\bin;C:\Program Files\Azure Data Studio\bin;C:\Users\s.nivethakennedy\AppData\Roaming\npm;."/>
    <property name="java.vm.info" value="mixed mode"/>
    <property name="java.vendor" value="Oracle Corporation"/>
    <property name="java.vm.version" value="25.171-b11"/>
    <property name="java.ext.dirs" value="C:\Program Files\Java\jdk1.8.0_171\jre\lib\ext;C:\WINDOWS\Sun\Java\lib\ext"/>
    <property name="sun.io.unicode.encoding" value="UnicodeLittle"/>
    <property name="java.class.version" value="52.0"/>
  </properties>
  <testcase name="shouldAnswerWithTrue" classname="com.mycompany.app.AppTest" time="0.002"/>
</testsuite>